<?xml version="1.0" encoding="UTF-8"?>
<!-- Generated by org.testng.reporters.JUnitReportReporter -->
<testsuite hostname="DESKTOP-9K4J01N" failures="0" tests="1" name="testClasses.VerifyUserCanLogin" time="3.591" errors="0" timestamp="2022-10-11T13:08:54 IST" skipped="0">
  <testcase classname="testClasses.VerifyUserCanLogin" name="VerifyUserCanLogIn" time="3.591"/>
  <system-out>
    <![CDATA[Test started
Enterd Emil ID
Enterd Password
Test Passed]]>
  </system-out>
</testsuite> <!-- testClasses.VerifyUserCanLogin -->
