<?xml version="1.0" encoding="UTF-8"?>
<!-- Generated by org.testng.reporters.JUnitReportReporter -->
<testsuite hostname="DESKTOP-9K4J01N" failures="0" tests="3" name="testClasses.VerifyUserCanAddNewAddress" time="12.575" errors="0" timestamp="2022-10-11T13:08:54 IST" skipped="0">
  <testcase classname="testClasses.VerifyUserCanAddNewAddress" name="verifyUserCanOpenProfilePage" time="10.677"/>
  <system-out>
    <![CDATA[Test started
Test Passed]]>
  </system-out>
  <testcase classname="testClasses.VerifyUserCanAddNewAddress" name="addNewAddress" time="0.938"/>
  <system-out>
    <![CDATA[Test started
Test Passed]]>
  </system-out>
  <testcase classname="testClasses.VerifyUserCanAddNewAddress" name="addNewAddress" time="0.960"/>
  <system-out>
    <![CDATA[Test started
Test Passed]]>
  </system-out>
</testsuite> <!-- testClasses.VerifyUserCanAddNewAddress -->
