<?xml version="1.0" encoding="UTF-8"?>
<!-- Generated by org.testng.reporters.JUnitReportReporter -->
<testsuite hostname="DESKTOP-9K4J01N" failures="0" tests="2" name="testClasses.VerifyUserCanGetLowestPriceProduct" time="7.170" errors="0" timestamp="2022-10-11T13:08:54 IST" skipped="0">
  <testcase classname="testClasses.VerifyUserCanGetLowestPriceProduct" name="VerifyUserCanSearchProduct" time="2.011"/>
  <system-out>
    <![CDATA[Test started
Test Passed]]>
  </system-out>
  <testcase classname="testClasses.VerifyUserCanGetLowestPriceProduct" name="VerifyUserCanGetLowestPriceProductFromEachPage" time="5.159"/>
  <system-out>
    <![CDATA[Test started
Test Passed]]>
  </system-out>
</testsuite> <!-- testClasses.VerifyUserCanGetLowestPriceProduct -->
